current directory: /home/mastodon/live/vender/bundle/ruby/2.5.0/gems/cld3-3.2.2/ext/cld3
/home/mastodon/.rbenv/versions/2.5.1/bin/ruby -r ./siteconf20180408-28175-rlsk8r.rb extconf.rb
creating Makefile

current directory: /home/mastodon/live/vender/bundle/ruby/2.5.0/gems/cld3-3.2.2/ext/cld3
make "DESTDIR=" clean

current directory: /home/mastodon/live/vender/bundle/ruby/2.5.0/gems/cld3-3.2.2/ext/cld3
make "DESTDIR="
compiling base.cc
cc1plus: warning: command line option '-Wimplicit-int' is valid for C/ObjC but not for C++ [enabled by default]
cc1plus: warning: command line option '-Wdeclaration-after-statement' is valid for C/ObjC but not for C++ [enabled by default]
cc1plus: warning: command line option '-Wimplicit-function-declaration' is valid for C/ObjC but not for C++ [enabled by default]
cc1plus: warning: unrecognized command line option "-Wno-self-assign" [enabled by default]
cc1plus: warning: unrecognized command line option "-Wno-constant-logical-operand" [enabled by default]
cc1plus: warning: unrecognized command line option "-Wno-parentheses-equality" [enabled by default]
cc1plus: warning: unrecognized command line option "-Wno-tautological-compare" [enabled by default]
compiling embedding_feature_extractor.cc
cc1plus: warning: command line option '-Wimplicit-int' is valid for C/ObjC but not for C++ [enabled by default]
cc1plus: warning: command line option '-Wdeclaration-after-statement' is valid for C/ObjC but not for C++ [enabled by default]
cc1plus: warning: command line option '-Wimplicit-function-declaration' is valid for C/ObjC but not for C++ [enabled by default]
cc1plus: warning: unrecognized command line option "-Wno-self-assign" [enabled by default]
cc1plus: warning: unrecognized command line option "-Wno-constant-logical-operand" [enabled by default]
cc1plus: warning: unrecognized command line option "-Wno-parentheses-equality" [enabled by default]
cc1plus: warning: unrecognized command line option "-Wno-tautological-compare" [enabled by default]
compiling embedding_network.cc
cc1plus: warning: command line option '-Wimplicit-int' is valid for C/ObjC but not for C++ [enabled by default]
cc1plus: warning: command line option '-Wdeclaration-after-statement' is valid for C/ObjC but not for C++ [enabled by default]
cc1plus: warning: command line option '-Wimplicit-function-declaration' is valid for C/ObjC but not for C++ [enabled by default]
cc1plus: warning: unrecognized command line option "-Wno-self-assign" [enabled by default]
cc1plus: warning: unrecognized command line option "-Wno-constant-logical-operand" [enabled by default]
cc1plus: warning: unrecognized command line option "-Wno-parentheses-equality" [enabled by default]
cc1plus: warning: unrecognized command line option "-Wno-tautological-compare" [enabled by default]
compiling feature_extractor.cc
cc1plus: warning: command line option '-Wimplicit-int' is valid for C/ObjC but not for C++ [enabled by default]
cc1plus: warning: command line option '-Wdeclaration-after-statement' is valid for C/ObjC but not for C++ [enabled by default]
cc1plus: warning: command line option '-Wimplicit-function-declaration' is valid for C/ObjC but not for C++ [enabled by default]
cc1plus: warning: unrecognized command line option "-Wno-self-assign" [enabled by default]
cc1plus: warning: unrecognized command line option "-Wno-constant-logical-operand" [enabled by default]
cc1plus: warning: unrecognized command line option "-Wno-parentheses-equality" [enabled by default]
cc1plus: warning: unrecognized command line option "-Wno-tautological-compare" [enabled by default]
compiling feature_extractor.pb.cc
cc1plus: warning: command line option '-Wimplicit-int' is valid for C/ObjC but not for C++ [enabled by default]
cc1plus: warning: command line option '-Wdeclaration-after-statement' is valid for C/ObjC but not for C++ [enabled by default]
cc1plus: warning: command line option '-Wimplicit-function-declaration' is valid for C/ObjC but not for C++ [enabled by default]
cc1plus: warning: unrecognized command line option "-Wno-self-assign" [enabled by default]
cc1plus: warning: unrecognized command line option "-Wno-constant-logical-operand" [enabled by default]
cc1plus: warning: unrecognized command line option "-Wno-parentheses-equality" [enabled by default]
cc1plus: warning: unrecognized command line option "-Wno-tautological-compare" [enabled by default]
compiling feature_types.cc
cc1plus: warning: command line option '-Wimplicit-int' is valid for C/ObjC but not for C++ [enabled by default]
cc1plus: warning: command line option '-Wdeclaration-after-statement' is valid for C/ObjC but not for C++ [enabled by default]
cc1plus: warning: command line option '-Wimplicit-function-declaration' is valid for C/ObjC but not for C++ [enabled by default]
cc1plus: warning: unrecognized command line option "-Wno-self-assign" [enabled by default]
cc1plus: warning: unrecognized command line option "-Wno-constant-logical-operand" [enabled by default]
cc1plus: warning: unrecognized command line option "-Wno-parentheses-equality" [enabled by default]
cc1plus: warning: unrecognized command line option "-Wno-tautological-compare" [enabled by default]
compiling fixunicodevalue.cc
cc1plus: warning: command line option '-Wimplicit-int' is valid for C/ObjC but not for C++ [enabled by default]
cc1plus: warning: command line option '-Wdeclaration-after-statement' is valid for C/ObjC but not for C++ [enabled by default]
cc1plus: warning: command line option '-Wimplicit-function-declaration' is valid for C/ObjC but not for C++ [enabled by default]
cc1plus: warning: unrecognized command line option "-Wno-self-assign" [enabled by default]
cc1plus: warning: unrecognized command line option "-Wno-constant-logical-operand" [enabled by default]
cc1plus: warning: unrecognized command line option "-Wno-parentheses-equality" [enabled by default]
cc1plus: warning: unrecognized command line option "-Wno-tautological-compare" [enabled by default]
compiling fml_parser.cc
cc1plus: warning: command line option '-Wimplicit-int' is valid for C/ObjC but not for C++ [enabled by default]
cc1plus: warning: command line option '-Wdeclaration-after-statement' is valid for C/ObjC but not for C++ [enabled by default]
cc1plus: warning: command line option '-Wimplicit-function-declaration' is valid for C/ObjC but not for C++ [enabled by default]
cc1plus: warning: unrecognized command line option "-Wno-self-assign" [enabled by default]
cc1plus: warning: unrecognized command line option "-Wno-constant-logical-operand" [enabled by default]
cc1plus: warning: unrecognized command line option "-Wno-parentheses-equality" [enabled by default]
cc1plus: warning: unrecognized command line option "-Wno-tautological-compare" [enabled by default]
compiling generated_entities.cc
cc1plus: warning: command line option '-Wimplicit-int' is valid for C/ObjC but not for C++ [enabled by default]
cc1plus: warning: command line option '-Wdeclaration-after-statement' is valid for C/ObjC but not for C++ [enabled by default]
cc1plus: warning: command line option '-Wimplicit-function-declaration' is valid for C/ObjC but not for C++ [enabled by default]
cc1plus: warning: unrecognized command line option "-Wno-self-assign" [enabled by default]
cc1plus: warning: unrecognized command line option "-Wno-constant-logical-operand" [enabled by default]
cc1plus: warning: unrecognized command line option "-Wno-parentheses-equality" [enabled by default]
cc1plus: warning: unrecognized command line option "-Wno-tautological-compare" [enabled by default]
compiling generated_ulscript.cc
cc1plus: warning: command line option '-Wimplicit-int' is valid for C/ObjC but not for C++ [enabled by default]
cc1plus: warning: command line option '-Wdeclaration-after-statement' is valid for C/ObjC but not for C++ [enabled by default]
cc1plus: warning: command line option '-Wimplicit-function-declaration' is valid for C/ObjC but not for C++ [enabled by default]
cc1plus: warning: unrecognized command line option "-Wno-self-assign" [enabled by default]
cc1plus: warning: unrecognized command line option "-Wno-constant-logical-operand" [enabled by default]
cc1plus: warning: unrecognized command line option "-Wno-parentheses-equality" [enabled by default]
cc1plus: warning: unrecognized command line option "-Wno-tautological-compare" [enabled by default]
compiling getonescriptspan.cc
cc1plus: warning: command line option '-Wimplicit-int' is valid for C/ObjC but not for C++ [enabled by default]
cc1plus: warning: command line option '-Wdeclaration-after-statement' is valid for C/ObjC but not for C++ [enabled by default]
cc1plus: warning: command line option '-Wimplicit-function-declaration' is valid for C/ObjC but not for C++ [enabled by default]
cc1plus: warning: unrecognized command line option "-Wno-self-assign" [enabled by default]
cc1plus: warning: unrecognized command line option "-Wno-constant-logical-operand" [enabled by default]
cc1plus: warning: unrecognized command line option "-Wno-parentheses-equality" [enabled by default]
cc1plus: warning: unrecognized command line option "-Wno-tautological-compare" [enabled by default]
compiling lang_id_nn_params.cc
cc1plus: warning: command line option '-Wimplicit-int' is valid for C/ObjC but not for C++ [enabled by default]
cc1plus: warning: command line option '-Wdeclaration-after-statement' is valid for C/ObjC but not for C++ [enabled by default]
cc1plus: warning: command line option '-Wimplicit-function-declaration' is valid for C/ObjC but not for C++ [enabled by default]
cc1plus: warning: unrecognized command line option "-Wno-self-assign" [enabled by default]
cc1plus: warning: unrecognized command line option "-Wno-constant-logical-operand" [enabled by default]
cc1plus: warning: unrecognized command line option "-Wno-parentheses-equality" [enabled by default]
cc1plus: warning: unrecognized command line option "-Wno-tautological-compare" [enabled by default]
compiling language_identifier_features.cc
cc1plus: warning: command line option '-Wimplicit-int' is valid for C/ObjC but not for C++ [enabled by default]
cc1plus: warning: command line option '-Wdeclaration-after-statement' is valid for C/ObjC but not for C++ [enabled by default]
cc1plus: warning: command line option '-Wimplicit-function-declaration' is valid for C/ObjC but not for C++ [enabled by default]
cc1plus: warning: unrecognized command line option "-Wno-self-assign" [enabled by default]
cc1plus: warning: unrecognized command line option "-Wno-constant-logical-operand" [enabled by default]
cc1plus: warning: unrecognized command line option "-Wno-parentheses-equality" [enabled by default]
cc1plus: warning: unrecognized command line option "-Wno-tautological-compare" [enabled by default]
compiling nnet_language_identifier.cc
cc1plus: warning: command line option '-Wimplicit-int' is valid for C/ObjC but not for C++ [enabled by default]
cc1plus: warning: command line option '-Wdeclaration-after-statement' is valid for C/ObjC but not for C++ [enabled by default]
cc1plus: warning: command line option '-Wimplicit-function-declaration' is valid for C/ObjC but not for C++ [enabled by default]
cc1plus: warning: unrecognized command line option "-Wno-self-assign" [enabled by default]
cc1plus: warning: unrecognized command line option "-Wno-constant-logical-operand" [enabled by default]
cc1plus: warning: unrecognized command line option "-Wno-parentheses-equality" [enabled by default]
cc1plus: warning: unrecognized command line option "-Wno-tautological-compare" [enabled by default]
compiling nnet_language_identifier_c.cc
cc1plus: warning: command line option '-Wimplicit-int' is valid for C/ObjC but not for C++ [enabled by default]
cc1plus: warning: command line option '-Wdeclaration-after-statement' is valid for C/ObjC but not for C++ [enabled by default]
cc1plus: warning: command line option '-Wimplicit-function-declaration' is valid for C/ObjC but not for C++ [enabled by default]
cc1plus: warning: unrecognized command line option "-Wno-self-assign" [enabled by default]
cc1plus: warning: unrecognized command line option "-Wno-constant-logical-operand" [enabled by default]
cc1plus: warning: unrecognized command line option "-Wno-parentheses-equality" [enabled by default]
cc1plus: warning: unrecognized command line option "-Wno-tautological-compare" [enabled by default]
compiling offsetmap.cc
cc1plus: warning: command line option '-Wimplicit-int' is valid for C/ObjC but not for C++ [enabled by default]
cc1plus: warning: command line option '-Wdeclaration-after-statement' is valid for C/ObjC but not for C++ [enabled by default]
cc1plus: warning: command line option '-Wimplicit-function-declaration' is valid for C/ObjC but not for C++ [enabled by default]
cc1plus: warning: unrecognized command line option "-Wno-self-assign" [enabled by default]
cc1plus: warning: unrecognized command line option "-Wno-constant-logical-operand" [enabled by default]
cc1plus: warning: unrecognized command line option "-Wno-parentheses-equality" [enabled by default]
cc1plus: warning: unrecognized command line option "-Wno-tautological-compare" [enabled by default]
compiling registry.cc
cc1plus: warning: command line option '-Wimplicit-int' is valid for C/ObjC but not for C++ [enabled by default]
cc1plus: warning: command line option '-Wdeclaration-after-statement' is valid for C/ObjC but not for C++ [enabled by default]
cc1plus: warning: command line option '-Wimplicit-function-declaration' is valid for C/ObjC but not for C++ [enabled by default]
cc1plus: warning: unrecognized command line option "-Wno-self-assign" [enabled by default]
cc1plus: warning: unrecognized command line option "-Wno-constant-logical-operand" [enabled by default]
cc1plus: warning: unrecognized command line option "-Wno-parentheses-equality" [enabled by default]
cc1plus: warning: unrecognized command line option "-Wno-tautological-compare" [enabled by default]
compiling relevant_script_feature.cc
cc1plus: warning: command line option '-Wimplicit-int' is valid for C/ObjC but not for C++ [enabled by default]
cc1plus: warning: command line option '-Wdeclaration-after-statement' is valid for C/ObjC but not for C++ [enabled by default]
cc1plus: warning: command line option '-Wimplicit-function-declaration' is valid for C/ObjC but not for C++ [enabled by default]
cc1plus: warning: unrecognized command line option "-Wno-self-assign" [enabled by default]
cc1plus: warning: unrecognized command line option "-Wno-constant-logical-operand" [enabled by default]
cc1plus: warning: unrecognized command line option "-Wno-parentheses-equality" [enabled by default]
cc1plus: warning: unrecognized command line option "-Wno-tautological-compare" [enabled by default]
compiling sentence.pb.cc
cc1plus: warning: command line option '-Wimplicit-int' is valid for C/ObjC but not for C++ [enabled by default]
cc1plus: warning: command line option '-Wdeclaration-after-statement' is valid for C/ObjC but not for C++ [enabled by default]
cc1plus: warning: command line option '-Wimplicit-function-declaration' is valid for C/ObjC but not for C++ [enabled by default]
cc1plus: warning: unrecognized command line option "-Wno-self-assign" [enabled by default]
cc1plus: warning: unrecognized command line option "-Wno-constant-logical-operand" [enabled by default]
cc1plus: warning: unrecognized command line option "-Wno-parentheses-equality" [enabled by default]
cc1plus: warning: unrecognized command line option "-Wno-tautological-compare" [enabled by default]
compiling sentence_features.cc
cc1plus: warning: command line option '-Wimplicit-int' is valid for C/ObjC but not for C++ [enabled by default]
cc1plus: warning: command line option '-Wdeclaration-after-statement' is valid for C/ObjC but not for C++ [enabled by default]
cc1plus: warning: command line option '-Wimplicit-function-declaration' is valid for C/ObjC but not for C++ [enabled by default]
cc1plus: warning: unrecognized command line option "-Wno-self-assign" [enabled by default]
cc1plus: warning: unrecognized command line option "-Wno-constant-logical-operand" [enabled by default]
cc1plus: warning: unrecognized command line option "-Wno-parentheses-equality" [enabled by default]
cc1plus: warning: unrecognized command line option "-Wno-tautological-compare" [enabled by default]
compiling task_context.cc
cc1plus: warning: command line option '-Wimplicit-int' is valid for C/ObjC but not for C++ [enabled by default]
cc1plus: warning: command line option '-Wdeclaration-after-statement' is valid for C/ObjC but not for C++ [enabled by default]
cc1plus: warning: command line option '-Wimplicit-function-declaration' is valid for C/ObjC but not for C++ [enabled by default]
cc1plus: warning: unrecognized command line option "-Wno-self-assign" [enabled by default]
cc1plus: warning: unrecognized command line option "-Wno-constant-logical-operand" [enabled by default]
cc1plus: warning: unrecognized command line option "-Wno-parentheses-equality" [enabled by default]
cc1plus: warning: unrecognized command line option "-Wno-tautological-compare" [enabled by default]
compiling task_context_params.cc
cc1plus: warning: command line option '-Wimplicit-int' is valid for C/ObjC but not for C++ [enabled by default]
cc1plus: warning: command line option '-Wdeclaration-after-statement' is valid for C/ObjC but not for C++ [enabled by default]
cc1plus: warning: command line option '-Wimplicit-function-declaration' is valid for C/ObjC but not for C++ [enabled by default]
cc1plus: warning: unrecognized command line option "-Wno-self-assign" [enabled by default]
cc1plus: warning: unrecognized command line option "-Wno-constant-logical-operand" [enabled by default]
cc1plus: warning: unrecognized command line option "-Wno-parentheses-equality" [enabled by default]
cc1plus: warning: unrecognized command line option "-Wno-tautological-compare" [enabled by default]
compiling task_spec.pb.cc
cc1plus: warning: command line option '-Wimplicit-int' is valid for C/ObjC but not for C++ [enabled by default]
cc1plus: warning: command line option '-Wdeclaration-after-statement' is valid for C/ObjC but not for C++ [enabled by default]
cc1plus: warning: command line option '-Wimplicit-function-declaration' is valid for C/ObjC but not for C++ [enabled by default]
cc1plus: warning: unrecognized command line option "-Wno-self-assign" [enabled by default]
cc1plus: warning: unrecognized command line option "-Wno-constant-logical-operand" [enabled by default]
cc1plus: warning: unrecognized command line option "-Wno-parentheses-equality" [enabled by default]
cc1plus: warning: unrecognized command line option "-Wno-tautological-compare" [enabled by default]
compiling text_processing.cc
cc1plus: warning: command line option '-Wimplicit-int' is valid for C/ObjC but not for C++ [enabled by default]
cc1plus: warning: command line option '-Wdeclaration-after-statement' is valid for C/ObjC but not for C++ [enabled by default]
cc1plus: warning: command line option '-Wimplicit-function-declaration' is valid for C/ObjC but not for C++ [enabled by default]
cc1plus: warning: unrecognized command line option "-Wno-self-assign" [enabled by default]
cc1plus: warning: unrecognized command line option "-Wno-constant-logical-operand" [enabled by default]
cc1plus: warning: unrecognized command line option "-Wno-parentheses-equality" [enabled by default]
cc1plus: warning: unrecognized command line option "-Wno-tautological-compare" [enabled by default]
compiling unicodetext.cc
cc1plus: warning: command line option '-Wimplicit-int' is valid for C/ObjC but not for C++ [enabled by default]
cc1plus: warning: command line option '-Wdeclaration-after-statement' is valid for C/ObjC but not for C++ [enabled by default]
cc1plus: warning: command line option '-Wimplicit-function-declaration' is valid for C/ObjC but not for C++ [enabled by default]
cc1plus: warning: unrecognized command line option "-Wno-self-assign" [enabled by default]
cc1plus: warning: unrecognized command line option "-Wno-constant-logical-operand" [enabled by default]
cc1plus: warning: unrecognized command line option "-Wno-parentheses-equality" [enabled by default]
cc1plus: warning: unrecognized command line option "-Wno-tautological-compare" [enabled by default]
compiling utf8statetable.cc
cc1plus: warning: command line option '-Wimplicit-int' is valid for C/ObjC but not for C++ [enabled by default]
cc1plus: warning: command line option '-Wdeclaration-after-statement' is valid for C/ObjC but not for C++ [enabled by default]
cc1plus: warning: command line option '-Wimplicit-function-declaration' is valid for C/ObjC but not for C++ [enabled by default]
cc1plus: warning: unrecognized command line option "-Wno-self-assign" [enabled by default]
cc1plus: warning: unrecognized command line option "-Wno-constant-logical-operand" [enabled by default]
cc1plus: warning: unrecognized command line option "-Wno-parentheses-equality" [enabled by default]
cc1plus: warning: unrecognized command line option "-Wno-tautological-compare" [enabled by default]
compiling utils.cc
cc1plus: warning: command line option '-Wimplicit-int' is valid for C/ObjC but not for C++ [enabled by default]
cc1plus: warning: command line option '-Wdeclaration-after-statement' is valid for C/ObjC but not for C++ [enabled by default]
cc1plus: warning: command line option '-Wimplicit-function-declaration' is valid for C/ObjC but not for C++ [enabled by default]
cc1plus: warning: unrecognized command line option "-Wno-self-assign" [enabled by default]
cc1plus: warning: unrecognized command line option "-Wno-constant-logical-operand" [enabled by default]
cc1plus: warning: unrecognized command line option "-Wno-parentheses-equality" [enabled by default]
cc1plus: warning: unrecognized command line option "-Wno-tautological-compare" [enabled by default]
compiling workspace.cc
cc1plus: warning: command line option '-Wimplicit-int' is valid for C/ObjC but not for C++ [enabled by default]
cc1plus: warning: command line option '-Wdeclaration-after-statement' is valid for C/ObjC but not for C++ [enabled by default]
cc1plus: warning: command line option '-Wimplicit-function-declaration' is valid for C/ObjC but not for C++ [enabled by default]
cc1plus: warning: unrecognized command line option "-Wno-self-assign" [enabled by default]
cc1plus: warning: unrecognized command line option "-Wno-constant-logical-operand" [enabled by default]
cc1plus: warning: unrecognized command line option "-Wno-parentheses-equality" [enabled by default]
cc1plus: warning: unrecognized command line option "-Wno-tautological-compare" [enabled by default]
linking shared-object libcld3.so

current directory: /home/mastodon/live/vender/bundle/ruby/2.5.0/gems/cld3-3.2.2/ext/cld3
make "DESTDIR=" install
/usr/bin/install -c -m 0755 libcld3.so ./.gem.20180408-28175-1h7w4fi
