current directory: /home/mastodon/live/vender/bundle/ruby/2.5.0/gems/puma-3.11.3/ext/puma_http11
/home/mastodon/.rbenv/versions/2.5.1/bin/ruby -r ./siteconf20180408-28175-1uxdagq.rb extconf.rb
checking for BIO_read() in -lcrypto... yes
checking for SSL_CTX_new() in -lssl... yes
checking for openssl/bio.h... yes
creating Makefile

current directory: /home/mastodon/live/vender/bundle/ruby/2.5.0/gems/puma-3.11.3/ext/puma_http11
make "DESTDIR=" clean

current directory: /home/mastodon/live/vender/bundle/ruby/2.5.0/gems/puma-3.11.3/ext/puma_http11
make "DESTDIR="
compiling http11_parser.c
compiling io_buffer.c
compiling mini_ssl.c
mini_ssl.c: In function 'engine_init_server':
mini_ssl.c:153:3: warning: ISO C90 forbids mixed declarations and code [-Wdeclaration-after-statement]
   ID sym_cert = rb_intern("cert");
   ^
mini_ssl.c:158:3: warning: ISO C90 forbids mixed declarations and code [-Wdeclaration-after-statement]
   ID sym_ca = rb_intern("ca");
   ^
mini_ssl.c:180:3: warning: ISO C90 forbids mixed declarations and code [-Wdeclaration-after-statement]
   DH *dh = get_dh1024();
   ^
mini_ssl.c:184:3: warning: ISO C90 forbids mixed declarations and code [-Wdeclaration-after-statement]
   EC_KEY *ecdh = EC_KEY_new_by_curve_name(NID_secp521r1);
   ^
mini_ssl.c: In function 'raise_error':
mini_ssl.c:241:6: warning: function might be candidate for attribute 'noreturn' [-Wsuggest-attribute=noreturn]
 void raise_error(SSL* ssl, int result) {
      ^
mini_ssl.c: At top level:
cc1: warning: unrecognized command line option "-Wno-self-assign" [enabled by default]
cc1: warning: unrecognized command line option "-Wno-constant-logical-operand" [enabled by default]
cc1: warning: unrecognized command line option "-Wno-parentheses-equality" [enabled by default]
cc1: warning: unrecognized command line option "-Wno-tautological-compare" [enabled by default]
compiling puma_http11.c
linking shared-object puma/puma_http11.so

current directory: /home/mastodon/live/vender/bundle/ruby/2.5.0/gems/puma-3.11.3/ext/puma_http11
make "DESTDIR=" install
/usr/bin/install -c -m 0755 puma_http11.so ./.gem.20180408-28175-1rod5i3/puma
