current directory: /home/mastodon/live/vender/bundle/ruby/2.5.0/gems/unf_ext-0.0.7.5/ext/unf_ext
/home/mastodon/.rbenv/versions/2.5.1/bin/ruby -r ./siteconf20180408-28175-1u9n7o0.rb extconf.rb
checking for -lstdc++... yes
creating Makefile

current directory: /home/mastodon/live/vender/bundle/ruby/2.5.0/gems/unf_ext-0.0.7.5/ext/unf_ext
make "DESTDIR=" clean

current directory: /home/mastodon/live/vender/bundle/ruby/2.5.0/gems/unf_ext-0.0.7.5/ext/unf_ext
make "DESTDIR="
compiling unf.cc
cc1plus: warning: command line option '-Wimplicit-int' is valid for C/ObjC but not for C++ [enabled by default]
cc1plus: warning: command line option '-Wdeclaration-after-statement' is valid for C/ObjC but not for C++ [enabled by default]
cc1plus: warning: command line option '-Wimplicit-function-declaration' is valid for C/ObjC but not for C++ [enabled by default]
cc1plus: warning: unrecognized command line option "-Wno-self-assign" [enabled by default]
cc1plus: warning: unrecognized command line option "-Wno-constant-logical-operand" [enabled by default]
cc1plus: warning: unrecognized command line option "-Wno-parentheses-equality" [enabled by default]
cc1plus: warning: unrecognized command line option "-Wno-tautological-compare" [enabled by default]
linking shared-object unf_ext.so

current directory: /home/mastodon/live/vender/bundle/ruby/2.5.0/gems/unf_ext-0.0.7.5/ext/unf_ext
make "DESTDIR=" install
/usr/bin/install -c -m 0755 unf_ext.so ./.gem.20180408-28175-1mibvx5
