current directory: /home/mastodon/live/vender/bundle/ruby/2.5.0/gems/charlock_holmes-0.7.6/ext/charlock_holmes
/home/mastodon/.rbenv/versions/2.5.1/bin/ruby -r ./siteconf20180408-28175-bz79kd.rb extconf.rb
checking for -licui18n... yes
checking for -licui18n... yes
checking for unicode/ucnv.h... yes
checking for -lz... yes
checking for -licuuc... yes
checking for -licudata... yes
creating Makefile

current directory: /home/mastodon/live/vender/bundle/ruby/2.5.0/gems/charlock_holmes-0.7.6/ext/charlock_holmes
make "DESTDIR=" clean

current directory: /home/mastodon/live/vender/bundle/ruby/2.5.0/gems/charlock_holmes-0.7.6/ext/charlock_holmes
make "DESTDIR="
compiling converter.c
compiling encoding_detector.c
compiling ext.c
compiling transliterator.cpp
cc1plus: warning: command line option '-Wimplicit-int' is valid for C/ObjC but not for C++ [enabled by default]
cc1plus: warning: command line option '-Wdeclaration-after-statement' is valid for C/ObjC but not for C++ [enabled by default]
cc1plus: warning: command line option '-Wimplicit-function-declaration' is valid for C/ObjC but not for C++ [enabled by default]
In file included from /home/mastodon/.rbenv/versions/2.5.1/include/ruby-2.5.0/ruby/ruby.h:29:0,
                 from /home/mastodon/.rbenv/versions/2.5.1/include/ruby-2.5.0/ruby.h:33,
                 from common.h:9,
                 from transliterator.cpp:1:
/home/mastodon/.rbenv/versions/2.5.1/include/ruby-2.5.0/ruby/defines.h:286:44: warning: invalid suffix on literal; C++11 requires a space between literal and identifier [-Wliteral-suffix]
 #   define EXTERN __pragma(message(__FILE__"("STRINGIZE(__LINE__)"): warning: "\
                                            ^
In file included from /home/mastodon/.rbenv/versions/2.5.1/include/ruby-2.5.0/ruby/intern.h:24:0,
                 from /home/mastodon/.rbenv/versions/2.5.1/include/ruby-2.5.0/ruby/ruby.h:2040,
                 from /home/mastodon/.rbenv/versions/2.5.1/include/ruby-2.5.0/ruby.h:33,
                 from common.h:9,
                 from transliterator.cpp:1:
/home/mastodon/.rbenv/versions/2.5.1/include/ruby-2.5.0/ruby/defines.h:286:44: warning: invalid suffix on literal; C++11 requires a space between literal and identifier [-Wliteral-suffix]
 #   define EXTERN __pragma(message(__FILE__"("STRINGIZE(__LINE__)"): warning: "\
                                            ^
cc1plus: warning: unrecognized command line option "-Wno-self-assign" [enabled by default]
cc1plus: warning: unrecognized command line option "-Wno-constant-logical-operand" [enabled by default]
cc1plus: warning: unrecognized command line option "-Wno-parentheses-equality" [enabled by default]
cc1plus: warning: unrecognized command line option "-Wno-tautological-compare" [enabled by default]
linking shared-object charlock_holmes/charlock_holmes.so

current directory: /home/mastodon/live/vender/bundle/ruby/2.5.0/gems/charlock_holmes-0.7.6/ext/charlock_holmes
make "DESTDIR=" install
/usr/bin/install -c -m 0755 charlock_holmes.so ./.gem.20180408-28175-1fjwny5/charlock_holmes
