current directory: /home/mastodon/live/vender/bundle/ruby/2.5.0/gems/msgpack-1.2.4/ext/msgpack
/home/mastodon/.rbenv/versions/2.5.1/bin/ruby -r ./siteconf20180408-28175-1q87ce4.rb extconf.rb
checking for ruby/st.h... yes
checking for st.h... yes
checking for rb_str_replace() in ruby.h... yes
checking for rb_intern_str() in ruby.h... yes
checking for rb_sym2str() in ruby.h... yes
checking for rb_str_intern() in ruby.h... yes
checking for rb_block_lambda() in ruby.h... yes
checking for rb_hash_dup() in ruby.h... yes
checking for rb_hash_clear() in ruby.h... yes
creating Makefile

current directory: /home/mastodon/live/vender/bundle/ruby/2.5.0/gems/msgpack-1.2.4/ext/msgpack
make "DESTDIR=" clean

current directory: /home/mastodon/live/vender/bundle/ruby/2.5.0/gems/msgpack-1.2.4/ext/msgpack
make "DESTDIR="
compiling buffer.c
compiling buffer_class.c
compiling extension_value_class.c
compiling factory_class.c
compiling packer.c
In file included from packer.h:21:0,
                 from packer.c:19:
packer.c: In function 'msgpack_packer_write_other_value':
buffer.h:188:25: warning: 'ext_type' may be used uninitialized in this function [-Wmaybe-uninitialized]
     (*b->tail.last++) = (char) byte;
                         ^
packer.c:126:9: note: 'ext_type' was declared here
     int ext_type;
         ^
In file included from packer.h:22:0,
                 from packer.c:19:
packer_ext_registry.h:129:21: warning: 'lookup_class' may be used uninitialized in this function [-Wmaybe-uninitialized]
         rb_hash_aset(pkrg->cache, lookup_class, superclass_type);
                     ^
packer_ext_registry.h:85:11: note: 'lookup_class' was declared here
     VALUE lookup_class;
           ^
packer.c: At top level:
cc1: warning: unrecognized command line option "-Wno-self-assign" [enabled by default]
cc1: warning: unrecognized command line option "-Wno-constant-logical-operand" [enabled by default]
cc1: warning: unrecognized command line option "-Wno-parentheses-equality" [enabled by default]
cc1: warning: unrecognized command line option "-Wno-tautological-compare" [enabled by default]
compiling packer_class.c
compiling packer_ext_registry.c
compiling rbinit.c
compiling rmem.c
compiling unpacker.c
compiling unpacker_class.c
unpacker_class.c:219:14: warning: 'Unpacker_peek_next_type' defined but not used [-Wunused-function]
 static VALUE Unpacker_peek_next_type(VALUE self)
              ^
cc1: warning: unrecognized command line option "-Wno-self-assign" [enabled by default]
cc1: warning: unrecognized command line option "-Wno-constant-logical-operand" [enabled by default]
cc1: warning: unrecognized command line option "-Wno-parentheses-equality" [enabled by default]
cc1: warning: unrecognized command line option "-Wno-tautological-compare" [enabled by default]
compiling unpacker_ext_registry.c
linking shared-object msgpack/msgpack.so

current directory: /home/mastodon/live/vender/bundle/ruby/2.5.0/gems/msgpack-1.2.4/ext/msgpack
make "DESTDIR=" install
/usr/bin/install -c -m 0755 msgpack.so ./.gem.20180408-28175-1s8ggb3/msgpack
