have_header: checking for ruby/st.h... -------------------- yes

"gcc -o conftest -I/home/mastodon/.rbenv/versions/2.5.1/include/ruby-2.5.0/x86_64-linux -I/home/mastodon/.rbenv/versions/2.5.1/include/ruby-2.5.0/ruby/backward -I/home/mastodon/.rbenv/versions/2.5.1/include/ruby-2.5.0 -I. -I/home/mastodon/.rbenv/versions/2.5.1/include    -O3 -ggdb3 -Wall -Wextra -Wno-unused-parameter -Wno-parentheses -Wno-long-long -Wno-missing-field-initializers -Wno-tautological-compare -Wno-parentheses-equality -Wno-constant-logical-operand -Wno-self-assign -Wunused-variable -Wimplicit-int -Wpointer-arith -Wwrite-strings -Wdeclaration-after-statement -Wimplicit-function-declaration -Wdeprecated-declarations -Wno-packed-bitfield-compat -Wsuggest-attribute=noreturn -Wsuggest-attribute=format conftest.c  -L. -L/home/mastodon/.rbenv/versions/2.5.1/lib -Wl,-rpath,/home/mastodon/.rbenv/versions/2.5.1/lib -L. -L/home/mastodon/.rbenv/versions/2.5.1/lib  -fstack-protector -rdynamic -Wl,-export-dynamic     -Wl,-rpath,/home/mastodon/.rbenv/versions/2.5.1/lib -L/home/mastodon/.rbenv/versions/2.5.1/lib -lruby-static  -lpthread -ldl -lcrypt -lm   -lc"
checked program was:
/* begin */
1: #include "ruby.h"
2: 
3: int main(int argc, char **argv)
4: {
5:   return 0;
6: }
/* end */

"gcc -E -I/home/mastodon/.rbenv/versions/2.5.1/include/ruby-2.5.0/x86_64-linux -I/home/mastodon/.rbenv/versions/2.5.1/include/ruby-2.5.0/ruby/backward -I/home/mastodon/.rbenv/versions/2.5.1/include/ruby-2.5.0 -I. -I/home/mastodon/.rbenv/versions/2.5.1/include    -O3 -ggdb3 -Wall -Wextra -Wno-unused-parameter -Wno-parentheses -Wno-long-long -Wno-missing-field-initializers -Wno-tautological-compare -Wno-parentheses-equality -Wno-constant-logical-operand -Wno-self-assign -Wunused-variable -Wimplicit-int -Wpointer-arith -Wwrite-strings -Wdeclaration-after-statement -Wimplicit-function-declaration -Wdeprecated-declarations -Wno-packed-bitfield-compat -Wsuggest-attribute=noreturn -Wsuggest-attribute=format  conftest.c -o conftest.i"
checked program was:
/* begin */
1: #include "ruby.h"
2: 
3: #include <ruby/st.h>
/* end */

--------------------

have_header: checking for st.h... -------------------- yes

"gcc -E -I/home/mastodon/.rbenv/versions/2.5.1/include/ruby-2.5.0/x86_64-linux -I/home/mastodon/.rbenv/versions/2.5.1/include/ruby-2.5.0/ruby/backward -I/home/mastodon/.rbenv/versions/2.5.1/include/ruby-2.5.0 -I. -I/home/mastodon/.rbenv/versions/2.5.1/include    -O3 -ggdb3 -Wall -Wextra -Wno-unused-parameter -Wno-parentheses -Wno-long-long -Wno-missing-field-initializers -Wno-tautological-compare -Wno-parentheses-equality -Wno-constant-logical-operand -Wno-self-assign -Wunused-variable -Wimplicit-int -Wpointer-arith -Wwrite-strings -Wdeclaration-after-statement -Wimplicit-function-declaration -Wdeprecated-declarations -Wno-packed-bitfield-compat -Wsuggest-attribute=noreturn -Wsuggest-attribute=format  conftest.c -o conftest.i"
In file included from conftest.c:3:0:
/home/mastodon/.rbenv/versions/2.5.1/include/ruby-2.5.0/ruby/backward/st.h:2:2: warning: #warning use "ruby/st.h" instead of bare "st.h" [-Wcpp]
 #warning use "ruby/st.h" instead of bare "st.h"
  ^
cc1: warning: unrecognized command line option "-Wno-self-assign" [enabled by default]
cc1: warning: unrecognized command line option "-Wno-constant-logical-operand" [enabled by default]
cc1: warning: unrecognized command line option "-Wno-parentheses-equality" [enabled by default]
cc1: warning: unrecognized command line option "-Wno-tautological-compare" [enabled by default]
checked program was:
/* begin */
1: #include "ruby.h"
2: 
3: #include <st.h>
/* end */

--------------------

have_func: checking for rb_str_replace() in ruby.h... -------------------- yes

"gcc -o conftest -I/home/mastodon/.rbenv/versions/2.5.1/include/ruby-2.5.0/x86_64-linux -I/home/mastodon/.rbenv/versions/2.5.1/include/ruby-2.5.0/ruby/backward -I/home/mastodon/.rbenv/versions/2.5.1/include/ruby-2.5.0 -I. -I/home/mastodon/.rbenv/versions/2.5.1/include    -O3 -ggdb3 -Wall -Wextra -Wno-unused-parameter -Wno-parentheses -Wno-long-long -Wno-missing-field-initializers -Wno-tautological-compare -Wno-parentheses-equality -Wno-constant-logical-operand -Wno-self-assign -Wunused-variable -Wimplicit-int -Wpointer-arith -Wwrite-strings -Wdeclaration-after-statement -Wimplicit-function-declaration -Wdeprecated-declarations -Wno-packed-bitfield-compat -Wsuggest-attribute=noreturn -Wsuggest-attribute=format conftest.c  -L. -L/home/mastodon/.rbenv/versions/2.5.1/lib -Wl,-rpath,/home/mastodon/.rbenv/versions/2.5.1/lib -L. -L/home/mastodon/.rbenv/versions/2.5.1/lib  -fstack-protector -rdynamic -Wl,-export-dynamic     -Wl,-rpath,/home/mastodon/.rbenv/versions/2.5.1/lib -L/home/mastodon/.rbenv/versions/2.5.1/lib -lruby-static  -lpthread -ldl -lcrypt -lm   -lc"
checked program was:
/* begin */
 1: #include "ruby.h"
 2: 
 3: #include <ruby.h>
 4: 
 5: /*top*/
 6: extern int t(void);
 7: int main(int argc, char **argv)
 8: {
 9:   if (argc > 1000000) {
10:     printf("%p", &t);
11:   }
12: 
13:   return 0;
14: }
15: int t(void) { void ((*volatile p)()); p = (void ((*)()))rb_str_replace; return !p; }
/* end */

--------------------

have_func: checking for rb_intern_str() in ruby.h... -------------------- yes

"gcc -o conftest -I/home/mastodon/.rbenv/versions/2.5.1/include/ruby-2.5.0/x86_64-linux -I/home/mastodon/.rbenv/versions/2.5.1/include/ruby-2.5.0/ruby/backward -I/home/mastodon/.rbenv/versions/2.5.1/include/ruby-2.5.0 -I. -I/home/mastodon/.rbenv/versions/2.5.1/include    -O3 -ggdb3 -Wall -Wextra -Wno-unused-parameter -Wno-parentheses -Wno-long-long -Wno-missing-field-initializers -Wno-tautological-compare -Wno-parentheses-equality -Wno-constant-logical-operand -Wno-self-assign -Wunused-variable -Wimplicit-int -Wpointer-arith -Wwrite-strings -Wdeclaration-after-statement -Wimplicit-function-declaration -Wdeprecated-declarations -Wno-packed-bitfield-compat -Wsuggest-attribute=noreturn -Wsuggest-attribute=format conftest.c  -L. -L/home/mastodon/.rbenv/versions/2.5.1/lib -Wl,-rpath,/home/mastodon/.rbenv/versions/2.5.1/lib -L. -L/home/mastodon/.rbenv/versions/2.5.1/lib  -fstack-protector -rdynamic -Wl,-export-dynamic     -Wl,-rpath,/home/mastodon/.rbenv/versions/2.5.1/lib -L/home/mastodon/.rbenv/versions/2.5.1/lib -lruby-static  -lpthread -ldl -lcrypt -lm   -lc"
checked program was:
/* begin */
 1: #include "ruby.h"
 2: 
 3: #include <ruby.h>
 4: 
 5: /*top*/
 6: extern int t(void);
 7: int main(int argc, char **argv)
 8: {
 9:   if (argc > 1000000) {
10:     printf("%p", &t);
11:   }
12: 
13:   return 0;
14: }
15: int t(void) { void ((*volatile p)()); p = (void ((*)()))rb_intern_str; return !p; }
/* end */

--------------------

have_func: checking for rb_sym2str() in ruby.h... -------------------- yes

"gcc -o conftest -I/home/mastodon/.rbenv/versions/2.5.1/include/ruby-2.5.0/x86_64-linux -I/home/mastodon/.rbenv/versions/2.5.1/include/ruby-2.5.0/ruby/backward -I/home/mastodon/.rbenv/versions/2.5.1/include/ruby-2.5.0 -I. -I/home/mastodon/.rbenv/versions/2.5.1/include    -O3 -ggdb3 -Wall -Wextra -Wno-unused-parameter -Wno-parentheses -Wno-long-long -Wno-missing-field-initializers -Wno-tautological-compare -Wno-parentheses-equality -Wno-constant-logical-operand -Wno-self-assign -Wunused-variable -Wimplicit-int -Wpointer-arith -Wwrite-strings -Wdeclaration-after-statement -Wimplicit-function-declaration -Wdeprecated-declarations -Wno-packed-bitfield-compat -Wsuggest-attribute=noreturn -Wsuggest-attribute=format conftest.c  -L. -L/home/mastodon/.rbenv/versions/2.5.1/lib -Wl,-rpath,/home/mastodon/.rbenv/versions/2.5.1/lib -L. -L/home/mastodon/.rbenv/versions/2.5.1/lib  -fstack-protector -rdynamic -Wl,-export-dynamic     -Wl,-rpath,/home/mastodon/.rbenv/versions/2.5.1/lib -L/home/mastodon/.rbenv/versions/2.5.1/lib -lruby-static  -lpthread -ldl -lcrypt -lm   -lc"
checked program was:
/* begin */
 1: #include "ruby.h"
 2: 
 3: #include <ruby.h>
 4: 
 5: /*top*/
 6: extern int t(void);
 7: int main(int argc, char **argv)
 8: {
 9:   if (argc > 1000000) {
10:     printf("%p", &t);
11:   }
12: 
13:   return 0;
14: }
15: int t(void) { void ((*volatile p)()); p = (void ((*)()))rb_sym2str; return !p; }
/* end */

--------------------

have_func: checking for rb_str_intern() in ruby.h... -------------------- yes

"gcc -o conftest -I/home/mastodon/.rbenv/versions/2.5.1/include/ruby-2.5.0/x86_64-linux -I/home/mastodon/.rbenv/versions/2.5.1/include/ruby-2.5.0/ruby/backward -I/home/mastodon/.rbenv/versions/2.5.1/include/ruby-2.5.0 -I. -I/home/mastodon/.rbenv/versions/2.5.1/include    -O3 -ggdb3 -Wall -Wextra -Wno-unused-parameter -Wno-parentheses -Wno-long-long -Wno-missing-field-initializers -Wno-tautological-compare -Wno-parentheses-equality -Wno-constant-logical-operand -Wno-self-assign -Wunused-variable -Wimplicit-int -Wpointer-arith -Wwrite-strings -Wdeclaration-after-statement -Wimplicit-function-declaration -Wdeprecated-declarations -Wno-packed-bitfield-compat -Wsuggest-attribute=noreturn -Wsuggest-attribute=format conftest.c  -L. -L/home/mastodon/.rbenv/versions/2.5.1/lib -Wl,-rpath,/home/mastodon/.rbenv/versions/2.5.1/lib -L. -L/home/mastodon/.rbenv/versions/2.5.1/lib  -fstack-protector -rdynamic -Wl,-export-dynamic     -Wl,-rpath,/home/mastodon/.rbenv/versions/2.5.1/lib -L/home/mastodon/.rbenv/versions/2.5.1/lib -lruby-static  -lpthread -ldl -lcrypt -lm   -lc"
checked program was:
/* begin */
 1: #include "ruby.h"
 2: 
 3: #include <ruby.h>
 4: 
 5: /*top*/
 6: extern int t(void);
 7: int main(int argc, char **argv)
 8: {
 9:   if (argc > 1000000) {
10:     printf("%p", &t);
11:   }
12: 
13:   return 0;
14: }
15: int t(void) { void ((*volatile p)()); p = (void ((*)()))rb_str_intern; return !p; }
/* end */

--------------------

have_func: checking for rb_block_lambda() in ruby.h... -------------------- yes

"gcc -o conftest -I/home/mastodon/.rbenv/versions/2.5.1/include/ruby-2.5.0/x86_64-linux -I/home/mastodon/.rbenv/versions/2.5.1/include/ruby-2.5.0/ruby/backward -I/home/mastodon/.rbenv/versions/2.5.1/include/ruby-2.5.0 -I. -I/home/mastodon/.rbenv/versions/2.5.1/include    -O3 -ggdb3 -Wall -Wextra -Wno-unused-parameter -Wno-parentheses -Wno-long-long -Wno-missing-field-initializers -Wno-tautological-compare -Wno-parentheses-equality -Wno-constant-logical-operand -Wno-self-assign -Wunused-variable -Wimplicit-int -Wpointer-arith -Wwrite-strings -Wdeclaration-after-statement -Wimplicit-function-declaration -Wdeprecated-declarations -Wno-packed-bitfield-compat -Wsuggest-attribute=noreturn -Wsuggest-attribute=format conftest.c  -L. -L/home/mastodon/.rbenv/versions/2.5.1/lib -Wl,-rpath,/home/mastodon/.rbenv/versions/2.5.1/lib -L. -L/home/mastodon/.rbenv/versions/2.5.1/lib  -fstack-protector -rdynamic -Wl,-export-dynamic     -Wl,-rpath,/home/mastodon/.rbenv/versions/2.5.1/lib -L/home/mastodon/.rbenv/versions/2.5.1/lib -lruby-static  -lpthread -ldl -lcrypt -lm   -lc"
checked program was:
/* begin */
 1: #include "ruby.h"
 2: 
 3: #include <ruby.h>
 4: 
 5: /*top*/
 6: extern int t(void);
 7: int main(int argc, char **argv)
 8: {
 9:   if (argc > 1000000) {
10:     printf("%p", &t);
11:   }
12: 
13:   return 0;
14: }
15: int t(void) { void ((*volatile p)()); p = (void ((*)()))rb_block_lambda; return !p; }
/* end */

--------------------

have_func: checking for rb_hash_dup() in ruby.h... -------------------- yes

"gcc -o conftest -I/home/mastodon/.rbenv/versions/2.5.1/include/ruby-2.5.0/x86_64-linux -I/home/mastodon/.rbenv/versions/2.5.1/include/ruby-2.5.0/ruby/backward -I/home/mastodon/.rbenv/versions/2.5.1/include/ruby-2.5.0 -I. -I/home/mastodon/.rbenv/versions/2.5.1/include    -O3 -ggdb3 -Wall -Wextra -Wno-unused-parameter -Wno-parentheses -Wno-long-long -Wno-missing-field-initializers -Wno-tautological-compare -Wno-parentheses-equality -Wno-constant-logical-operand -Wno-self-assign -Wunused-variable -Wimplicit-int -Wpointer-arith -Wwrite-strings -Wdeclaration-after-statement -Wimplicit-function-declaration -Wdeprecated-declarations -Wno-packed-bitfield-compat -Wsuggest-attribute=noreturn -Wsuggest-attribute=format conftest.c  -L. -L/home/mastodon/.rbenv/versions/2.5.1/lib -Wl,-rpath,/home/mastodon/.rbenv/versions/2.5.1/lib -L. -L/home/mastodon/.rbenv/versions/2.5.1/lib  -fstack-protector -rdynamic -Wl,-export-dynamic     -Wl,-rpath,/home/mastodon/.rbenv/versions/2.5.1/lib -L/home/mastodon/.rbenv/versions/2.5.1/lib -lruby-static  -lpthread -ldl -lcrypt -lm   -lc"
checked program was:
/* begin */
 1: #include "ruby.h"
 2: 
 3: #include <ruby.h>
 4: 
 5: /*top*/
 6: extern int t(void);
 7: int main(int argc, char **argv)
 8: {
 9:   if (argc > 1000000) {
10:     printf("%p", &t);
11:   }
12: 
13:   return 0;
14: }
15: int t(void) { void ((*volatile p)()); p = (void ((*)()))rb_hash_dup; return !p; }
/* end */

--------------------

have_func: checking for rb_hash_clear() in ruby.h... -------------------- yes

"gcc -o conftest -I/home/mastodon/.rbenv/versions/2.5.1/include/ruby-2.5.0/x86_64-linux -I/home/mastodon/.rbenv/versions/2.5.1/include/ruby-2.5.0/ruby/backward -I/home/mastodon/.rbenv/versions/2.5.1/include/ruby-2.5.0 -I. -I/home/mastodon/.rbenv/versions/2.5.1/include    -O3 -ggdb3 -Wall -Wextra -Wno-unused-parameter -Wno-parentheses -Wno-long-long -Wno-missing-field-initializers -Wno-tautological-compare -Wno-parentheses-equality -Wno-constant-logical-operand -Wno-self-assign -Wunused-variable -Wimplicit-int -Wpointer-arith -Wwrite-strings -Wdeclaration-after-statement -Wimplicit-function-declaration -Wdeprecated-declarations -Wno-packed-bitfield-compat -Wsuggest-attribute=noreturn -Wsuggest-attribute=format conftest.c  -L. -L/home/mastodon/.rbenv/versions/2.5.1/lib -Wl,-rpath,/home/mastodon/.rbenv/versions/2.5.1/lib -L. -L/home/mastodon/.rbenv/versions/2.5.1/lib  -fstack-protector -rdynamic -Wl,-export-dynamic     -Wl,-rpath,/home/mastodon/.rbenv/versions/2.5.1/lib -L/home/mastodon/.rbenv/versions/2.5.1/lib -lruby-static  -lpthread -ldl -lcrypt -lm   -lc"
checked program was:
/* begin */
 1: #include "ruby.h"
 2: 
 3: #include <ruby.h>
 4: 
 5: /*top*/
 6: extern int t(void);
 7: int main(int argc, char **argv)
 8: {
 9:   if (argc > 1000000) {
10:     printf("%p", &t);
11:   }
12: 
13:   return 0;
14: }
15: int t(void) { void ((*volatile p)()); p = (void ((*)()))rb_hash_clear; return !p; }
/* end */

--------------------

