current directory: /home/mastodon/live/vender/bundle/ruby/2.5.0/gems/pg-0.21.0/ext
/home/mastodon/.rbenv/versions/2.5.1/bin/ruby -r ./siteconf20180408-28175-52632t.rb extconf.rb
checking for pg_config... yes
Using config values from /usr/bin/pg_config
checking for libpq-fe.h... yes
checking for libpq/libpq-fs.h... yes
checking for pg_config_manual.h... yes
checking for PQconnectdb() in -lpq... yes
checking for PQconnectionUsedPassword()... yes
checking for PQisthreadsafe()... yes
checking for PQprepare()... yes
checking for PQexecParams()... yes
checking for PQescapeString()... yes
checking for PQescapeStringConn()... yes
checking for PQescapeLiteral()... yes
checking for PQescapeIdentifier()... yes
checking for PQgetCancel()... yes
checking for lo_create()... yes
checking for pg_encoding_to_char()... yes
checking for pg_char_to_encoding()... yes
checking for PQsetClientEncoding()... yes
checking for PQlibVersion()... yes
checking for PQping()... yes
checking for PQsetSingleRowMode()... yes
checking for PQconninfo()... no
checking for PQsslAttribute()... no
checking for rb_encdb_alias()... yes
checking for rb_enc_alias()... yes
checking for rb_thread_call_without_gvl()... yes
checking for rb_thread_call_with_gvl()... yes
checking for rb_thread_fd_select()... yes
checking for rb_w32_wrap_io_handle()... no
checking for rb_str_modify_expand()... yes
checking for rb_hash_dup()... yes
checking for PGRES_COPY_BOTH in libpq-fe.h... yes
checking for PGRES_SINGLE_TUPLE in libpq-fe.h... yes
checking for PG_DIAG_TABLE_NAME in libpq-fe.h... no
checking for struct pgNotify.extra in libpq-fe.h... yes
checking for unistd.h... yes
checking for inttypes.h... yes
checking for ruby/st.h... yes
checking for C99 variable length arrays... yes
creating extconf.h
creating Makefile

current directory: /home/mastodon/live/vender/bundle/ruby/2.5.0/gems/pg-0.21.0/ext
make "DESTDIR=" clean

current directory: /home/mastodon/live/vender/bundle/ruby/2.5.0/gems/pg-0.21.0/ext
make "DESTDIR="
compiling gvl_wrappers.c
compiling pg.c
compiling pg_binary_decoder.c
compiling pg_binary_encoder.c
compiling pg_coder.c
compiling pg_connection.c
compiling pg_copy_coder.c
compiling pg_errors.c
compiling pg_result.c
compiling pg_text_decoder.c
compiling pg_text_encoder.c
compiling pg_type_map.c
compiling pg_type_map_all_strings.c
compiling pg_type_map_by_class.c
compiling pg_type_map_by_column.c
compiling pg_type_map_by_mri_type.c
compiling pg_type_map_by_oid.c
compiling pg_type_map_in_ruby.c
compiling util.c
linking shared-object pg_ext.so

current directory: /home/mastodon/live/vender/bundle/ruby/2.5.0/gems/pg-0.21.0/ext
make "DESTDIR=" install
/usr/bin/install -c -m 0755 pg_ext.so ./.gem.20180408-28175-1n7eddz
