current directory: /home/mastodon/live/vender/bundle/ruby/2.5.0/gems/nokogumbo-1.5.0/ext/nokogumboc
/home/mastodon/.rbenv/versions/2.5.1/bin/ruby -r ./siteconf20180408-28175-20g0q7.rb extconf.rb
checking for xmlNewDoc() in -lxml2... no
checking for gumbo_parse() in -lgumbo... no
checking for GumboErrorType with error.h... not found
checking for GumboInsertionMode with insertion_mode.h... not found
checking for GumboParser with parser.h... not found
checking for GumboStringBuffer with string_buffer.h... not found
checking for GumboTokenType with token_type.h... not found
creating Makefile

current directory: /home/mastodon/live/vender/bundle/ruby/2.5.0/gems/nokogumbo-1.5.0/ext/nokogumboc
make "DESTDIR=" clean

current directory: /home/mastodon/live/vender/bundle/ruby/2.5.0/gems/nokogumbo-1.5.0/ext/nokogumboc
make "DESTDIR="
compiling attribute.c
compiling char_ref.c
char_ref.rl: In function 'consume_numeric_ref':
char_ref.rl:128:3: warning: ISO C90 forbids mixed declarations and code [-Wdeclaration-after-statement]
   if (!error) {
   ^
char_ref.rl:137:3: warning: ISO C90 forbids mixed declarations and code [-Wdeclaration-after-statement]
   for (int i = 0; kCharReplacements[i].from_char != -1; ++i) {
   ^
char_ref.rl:153:3: warning: ISO C90 forbids mixed declarations and code [-Wdeclaration-after-statement]
     c = utf8iterator_current(input);
   ^
char_ref.rl: In function 'consume_named_ref':
char_ref.rl:2474:3: warning: ISO C90 forbids mixed declarations and code [-Wdeclaration-after-statement]
   assert(output->first == kGumboNoChar);
   ^
char_ref.rl:2495:5: warning: ISO C90 forbids mixed declarations and code [-Wdeclaration-after-statement]
     char last_char = *(te - 1);
     ^
char_ref.rl: In function 'consume_char_ref':
char_ref.rl:2530:3: warning: ISO C90 forbids mixed declarations and code [-Wdeclaration-after-statement]
   utf8iterator_next(input);
   ^
char_ref.rl: At top level:
cc1: warning: unrecognized command line option "-Wno-self-assign" [enabled by default]
cc1: warning: unrecognized command line option "-Wno-constant-logical-operand" [enabled by default]
cc1: warning: unrecognized command line option "-Wno-parentheses-equality" [enabled by default]
cc1: warning: unrecognized command line option "-Wno-tautological-compare" [enabled by default]
compiling error.c
error.c: In function 'print_message':
error.c:39:7: warning: function might be possible candidate for 'gnu_printf' format attribute [-Wsuggest-attribute=format]
       output->data + output->length, remaining_capacity, format, args);
       ^
error.c:39:7: warning: function might be possible candidate for 'gnu_printf' format attribute [-Wsuggest-attribute=format]
error.c:38:3: warning: ISO C90 forbids mixed declarations and code [-Wdeclaration-after-statement]
   int bytes_written = vsnprintf(
   ^
error.c:68:9: warning: function might be possible candidate for 'gnu_printf' format attribute [-Wsuggest-attribute=format]
         output->data + output->length, remaining_capacity, format, args);
         ^
error.c:68:9: warning: function might be possible candidate for 'gnu_printf' format attribute [-Wsuggest-attribute=format]
error.c: In function 'print_tag_stack':
error.c:82:5: warning: ISO C90 forbids mixed declarations and code [-Wdeclaration-after-statement]
     GumboTag tag = (GumboTag) error->tag_stack.data[i];
     ^
error.c: In function 'find_last_newline':
error.c:138:3: warning: ISO C90 forbids mixed declarations and code [-Wdeclaration-after-statement]
   const char* c = error_location;
   ^
error.c: In function 'gumbo_add_error':
error.c:162:3: warning: ISO C90 forbids mixed declarations and code [-Wdeclaration-after-statement]
   GumboError* error = gumbo_parser_allocate(parser, sizeof(GumboError));
   ^
error.c: In function 'gumbo_caret_diagnostic_to_string':
error.c:233:3: warning: ISO C90 forbids mixed declarations and code [-Wdeclaration-after-statement]
   const char* line_start = find_last_newline(source_text, error->original_text);
   ^
error.c:244:3: warning: ISO C90 forbids mixed declarations and code [-Wdeclaration-after-statement]
   int num_spaces = error->position.column - 1;
   ^
error.c: At top level:
cc1: warning: unrecognized command line option "-Wno-self-assign" [enabled by default]
cc1: warning: unrecognized command line option "-Wno-constant-logical-operand" [enabled by default]
cc1: warning: unrecognized command line option "-Wno-parentheses-equality" [enabled by default]
cc1: warning: unrecognized command line option "-Wno-tautological-compare" [enabled by default]
compiling nokogumbo.c
nokogumbo.c: In function 'walk_element':
nokogumbo.c:104:5: warning: ISO C90 forbids mixed declarations and code [-Wdeclaration-after-statement]
     char name[tag.length+1];
     ^
nokogumbo.c:112:3: warning: ISO C90 forbids mixed declarations and code [-Wdeclaration-after-statement]
   GumboVector* attrs = &node->attributes;
   ^
nokogumbo.c:116:19: warning: comparison between signed and unsigned integer expressions [-Wsign-compare]
   for (int i=0; i < attrs->length; i++) {
                   ^
nokogumbo.c:121:12: warning: assignment discards 'const' qualifier from pointer target type [enabled by default]
         ns = "xlink:";
            ^
nokogumbo.c:125:12: warning: assignment discards 'const' qualifier from pointer target type [enabled by default]
         ns = "xml:";
            ^
nokogumbo.c:129:12: warning: assignment discards 'const' qualifier from pointer target type [enabled by default]
         ns = "xmlns:";
            ^
nokogumbo.c:138:47: warning: comparison between signed and unsigned integer expressions [-Wsign-compare]
       if (strlen(ns) + strlen(attr->name) + 1 > namelen) {
                                               ^
nokogumbo.c:158:3: warning: ISO C90 forbids mixed declarations and code [-Wdeclaration-after-statement]
   GumboVector* children = &node->children;
   ^
nokogumbo.c:159:19: warning: comparison between signed and unsigned integer expressions [-Wsign-compare]
   for (int i=0; i < children->length; i++) {
                   ^
nokogumbo.c: In function 'parse':
nokogumbo.c:192:3: warning: ISO C90 forbids mixed declarations and code [-Wdeclaration-after-statement]
   const char *input = RSTRING_PTR(string);
   ^
nokogumbo.c:195:3: warning: passing argument 1 of 'xmlNewDoc' discards 'const' qualifier from pointer target type [enabled by default]
   xmlDocPtr doc = xmlNewDoc(CONST_CAST "1.0");
   ^
nokogumbo.c:81:14: note: expected 'char *' but argument is of type 'const char *'
 static VALUE xmlNewDoc(char* version) {
              ^
nokogumbo.c:203:5: warning: null argument where non-null required (argument 1) [-Wnonnull]
     xmlCreateIntSubset(doc, CONST_CAST name,
     ^
nokogumbo.c:203:5: warning: null argument where non-null required (argument 1) [-Wnonnull]
nokogumbo.c:208:3: warning: ISO C90 forbids mixed declarations and code [-Wdeclaration-after-statement]
   GumboVector *children = &output->document->v.document.children;
   ^
nokogumbo.c:209:19: warning: comparison between signed and unsigned integer expressions [-Wsign-compare]
   for (int i=0; i < children->length; i++) {
                   ^
nokogumbo.c:220:3: warning: ISO C90 forbids mixed declarations and code [-Wdeclaration-after-statement]
   VALUE rdoc = Nokogiri_wrap_xml_document(Document, doc);
   ^
nokogumbo.c:230:21: warning: comparison between signed and unsigned integer expressions [-Wsign-compare]
     for (int i=0; i < errors->length; i++) {
                     ^
nokogumbo.c:241:7: warning: ISO C90 forbids mixed declarations and code [-Wdeclaration-after-statement]
       VALUE err_str = rb_str_new(msg.data, msg.length);
       ^
nokogumbo.c: In function 'Init_nokogumboc':
nokogumbo.c:270:3: warning: ISO C90 forbids mixed declarations and code [-Wdeclaration-after-statement]
   VALUE Nokogiri = rb_const_get(rb_cObject, rb_intern("Nokogiri"));
   ^
nokogumbo.c:273:3: warning: ISO C90 forbids mixed declarations and code [-Wdeclaration-after-statement]
   VALUE XML = rb_const_get(Nokogiri, rb_intern("XML"));
   ^
nokogumbo.c:293:3: warning: ISO C90 forbids mixed declarations and code [-Wdeclaration-after-statement]
   VALUE Gumbo = rb_define_class("Nokogumbo", rb_cObject);
   ^
nokogumbo.c: In function 'walk_tree':
nokogumbo.c:184:1: warning: control reaches end of non-void function [-Wreturn-type]
 }
 ^
nokogumbo.c: At top level:
cc1: warning: unrecognized command line option "-Wno-self-assign" [enabled by default]
cc1: warning: unrecognized command line option "-Wno-constant-logical-operand" [enabled by default]
cc1: warning: unrecognized command line option "-Wno-parentheses-equality" [enabled by default]
cc1: warning: unrecognized command line option "-Wno-tautological-compare" [enabled by default]
compiling parser.c
parser.c: In function 'new_document_node':
parser.c:460:3: warning: ISO C90 forbids mixed declarations and code [-Wdeclaration-after-statement]
   GumboDocument* document = &document_node->v.document;
   ^
parser.c: In function 'parser_add_parse_error':
parser.c:644:3: warning: ISO C90 forbids mixed declarations and code [-Wdeclaration-after-statement]
   GumboError* error = gumbo_add_error(parser);
   ^
parser.c:651:3: warning: ISO C90 forbids mixed declarations and code [-Wdeclaration-after-statement]
   GumboParserError* extra_data = &error->v.parser;
   ^
parser.c:659:3: warning: ISO C90 forbids mixed declarations and code [-Wdeclaration-after-statement]
   GumboParserState* state = parser->_parser_state;
   ^
parser.c: In function 'get_appropriate_insertion_location':
parser.c:792:3: warning: ISO C90 forbids mixed declarations and code [-Wdeclaration-after-statement]
   int last_template_index = -1;
   ^
parser.c:812:3: warning: ISO C90 forbids mixed declarations and code [-Wdeclaration-after-statement]
   GumboNode* last_table = open_elements->data[last_table_index];
   ^
In file included from parser.c:17:0:
parser.c: In function 'append_node':
parser.c:828:36: warning: comparison between signed and unsigned integer expressions [-Wsign-compare]
   assert(node->index_within_parent == -1);
                                    ^
parser.c:829:3: warning: ISO C90 forbids mixed declarations and code [-Wdeclaration-after-statement]
   GumboVector* children;
   ^
In file included from parser.c:17:0:
parser.c: In function 'insert_node':
parser.c:849:36: warning: comparison between signed and unsigned integer expressions [-Wsign-compare]
   assert(node->index_within_parent == -1);
                                    ^
parser.c:850:3: warning: ISO C90 forbids mixed declarations and code [-Wdeclaration-after-statement]
   GumboNode* parent = location.target;
   ^
parser.c: In function 'maybe_flush_text_node_buffer':
parser.c:890:3: warning: ISO C90 forbids mixed declarations and code [-Wdeclaration-after-statement]
   GumboNode* text_node = create_node(parser, buffer_state->_type);
   ^
parser.c:903:3: warning: ISO C90 forbids mixed declarations and code [-Wdeclaration-after-statement]
   InsertionLocation location = get_appropriate_insertion_location(parser, NULL);
   ^
parser.c: In function 'pop_current_node':
parser.c:933:3: warning: ISO C90 forbids mixed declarations and code [-Wdeclaration-after-statement]
   GumboNode* current_node = gumbo_vector_pop(parser, &state->_open_elements);
   ^
parser.c: In function 'append_comment_node':
parser.c:959:3: warning: ISO C90 forbids mixed declarations and code [-Wdeclaration-after-statement]
   GumboNode* comment = create_node(parser, GUMBO_NODE_COMMENT);
   ^
parser.c: In function 'create_element_from_token':
parser.c:1014:3: warning: ISO C90 forbids mixed declarations and code [-Wdeclaration-after-statement]
   GumboTokenStartTag* start_tag = &token->v.start_tag;
   ^
parser.c: In function 'insert_element':
parser.c:1058:3: warning: ISO C90 forbids mixed declarations and code [-Wdeclaration-after-statement]
   InsertionLocation location = get_appropriate_insertion_location(parser, NULL);
   ^
parser.c: In function 'insert_foreign_element':
parser.c:1094:3: warning: ISO C90 forbids mixed declarations and code [-Wdeclaration-after-statement]
   GumboNode* element = create_element_from_token(parser, token, tag_namespace);
   ^
parser.c: In function 'insert_text_token':
parser.c:1115:3: warning: ISO C90 forbids mixed declarations and code [-Wdeclaration-after-statement]
   TextNodeBufferState* buffer_state = &parser->_parser_state->_text_node;
   ^
parser.c: In function 'add_formatting_element':
parser.c:1192:3: warning: ISO C90 forbids mixed declarations and code [-Wdeclaration-after-statement]
   GumboVector* elements = &parser->_parser_state->_active_formatting_elements;
   ^
parser.c:1200:3: warning: ISO C90 forbids mixed declarations and code [-Wdeclaration-after-statement]
   int earliest_identical_element = elements->length;
   ^
parser.c: In function 'clone_node':
parser.c:1230:3: warning: ISO C90 forbids mixed declarations and code [-Wdeclaration-after-statement]
   GumboNode* new_node = gumbo_parser_allocate(parser, sizeof(GumboNode));
   ^
parser.c:1238:3: warning: ISO C90 forbids mixed declarations and code [-Wdeclaration-after-statement]
   GumboElement* element = &new_node->v.element;
   ^
parser.c:1241:3: warning: ISO C90 forbids mixed declarations and code [-Wdeclaration-after-statement]
   const GumboVector* old_attributes = &node->v.element.attributes;
   ^
parser.c: In function 'reconstruct_active_formatting_elements':
parser.c:1267:3: warning: ISO C90 forbids mixed declarations and code [-Wdeclaration-after-statement]
   unsigned int i = elements->length - 1;
   ^
parser.c:1295:5: warning: ISO C90 forbids mixed declarations and code [-Wdeclaration-after-statement]
     GumboNode* clone = clone_node(
     ^
parser.c: In function 'has_an_element_in_specific_scope':
parser.c:1367:5: warning: ISO C90 forbids mixed declarations and code [-Wdeclaration-after-statement]
     GumboTag node_tag = node->v.element.tag;
     ^
parser.c: In function 'close_table':
parser.c:1503:3: warning: ISO C90 forbids mixed declarations and code [-Wdeclaration-after-statement]
   GumboNode* node = pop_current_node(parser);
   ^
parser.c: In function 'close_table_cell':
parser.c:1517:3: warning: ISO C90 forbids mixed declarations and code [-Wdeclaration-after-statement]
   const GumboNode* node = get_current_node(parser);
   ^
parser.c: In function 'merge_attributes':
parser.c:1645:3: warning: ISO C90 forbids mixed declarations and code [-Wdeclaration-after-statement]
   const GumboVector* token_attr = &token->v.start_tag.attributes;
   ^
parser.c: In function 'adjust_foreign_attributes':
parser.c:1687:3: warning: ISO C90 forbids mixed declarations and code [-Wdeclaration-after-statement]
   const GumboVector* attributes = &token->v.start_tag.attributes;
   ^
parser.c: In function 'adjust_svg_attributes':
parser.c:1707:3: warning: ISO C90 forbids mixed declarations and code [-Wdeclaration-after-statement]
   const GumboVector* attributes = &token->v.start_tag.attributes;
   ^
parser.c: In function 'adjust_mathml_attributes':
parser.c:1725:3: warning: ISO C90 forbids mixed declarations and code [-Wdeclaration-after-statement]
   GumboAttribute* attr =
   ^
parser.c: In function 'remove_from_parent':
parser.c:1773:3: warning: ISO C90 forbids mixed declarations and code [-Wdeclaration-after-statement]
   GumboVector* children = &node->parent->v.element.children;
   ^
parser.c: In function 'adoption_agency_algorithm':
parser.c:1793:3: warning: ISO C90 forbids mixed declarations and code [-Wdeclaration-after-statement]
   GumboNode* current_node = get_current_node(parser);
   ^
parser.c:1857:5: warning: ISO C90 forbids mixed declarations and code [-Wdeclaration-after-statement]
     GumboNode* furthest_block = NULL;
     ^
parser.c:1861:7: warning: ISO C90 forbids mixed declarations and code [-Wdeclaration-after-statement]
       GumboNode* current = state->_open_elements.data[j];
       ^
parser.c:1885:5: warning: ISO C90 forbids mixed declarations and code [-Wdeclaration-after-statement]
     GumboNode* common_ancestor =
     ^
parser.c:1894:5: warning: ISO C90 forbids mixed declarations and code [-Wdeclaration-after-statement]
     int bookmark = gumbo_vector_index_of(
     ^
parser.c:1899:5: warning: ISO C90 forbids mixed declarations and code [-Wdeclaration-after-statement]
     GumboNode* node = furthest_block;
     ^
parser.c:1910:7: warning: ISO C90 forbids mixed declarations and code [-Wdeclaration-after-statement]
       int node_index = gumbo_vector_index_of(&state->_open_elements, node);
       ^
parser.c:1925:7: warning: ISO C90 forbids mixed declarations and code [-Wdeclaration-after-statement]
       int formatting_index =
       ^
parser.c:1972:5: warning: ISO C90 forbids mixed declarations and code [-Wdeclaration-after-statement]
     InsertionLocation location =
     ^
parser.c:1979:5: warning: ISO C90 forbids mixed declarations and code [-Wdeclaration-after-statement]
     GumboNode* new_formatting_node = clone_node(
     ^
parser.c:1987:5: warning: ISO C90 forbids mixed declarations and code [-Wdeclaration-after-statement]
     GumboVector temp = new_formatting_node->v.element.children;
     ^
parser.c:2005:5: warning: ISO C90 forbids mixed declarations and code [-Wdeclaration-after-statement]
     int formatting_node_index = gumbo_vector_index_of(
     ^
parser.c:2023:5: warning: ISO C90 forbids mixed declarations and code [-Wdeclaration-after-statement]
     int insert_at =
     ^
parser.c: In function 'finish_parsing':
parser.c:2054:3: warning: ISO C90 forbids mixed declarations and code [-Wdeclaration-after-statement]
   GumboParserState* state = parser->_parser_state;
   ^
parser.c: In function 'handle_in_head_noscript':
parser.c:2285:5: warning: ISO C90 forbids mixed declarations and code [-Wdeclaration-after-statement]
     const GumboNode* node = pop_current_node(parser);
     ^
parser.c: In function 'handle_in_body':
parser.c:2442:5: warning: ISO C90 forbids mixed declarations and code [-Wdeclaration-after-statement]
     GumboNode* body_node = state->_open_elements.data[1];
     ^
parser.c:2459:5: warning: ISO C90 forbids mixed declarations and code [-Wdeclaration-after-statement]
     GumboVector* children = &parser->_output->root->v.element.children;
     ^
parser.c:2633:7: warning: ISO C90 forbids mixed declarations and code [-Wdeclaration-after-statement]
       GumboVector* open_elements = &state->_open_elements;
       ^
parser.c:2660:5: warning: ISO C90 forbids mixed declarations and code [-Wdeclaration-after-statement]
     GumboTag token_tag = token->v.end_tag;
     ^
parser.c:2679:7: warning: ISO C90 forbids mixed declarations and code [-Wdeclaration-after-statement]
       const GumboNode* current_node = get_current_node(parser);
       ^
parser.c:2778:5: warning: ISO C90 forbids mixed declarations and code [-Wdeclaration-after-statement]
     GumboNode* node = insert_element_from_token(parser, token);
     ^
parser.c:2824:5: warning: ISO C90 forbids mixed declarations and code [-Wdeclaration-after-statement]
     GumboVector* token_attrs = &token->v.start_tag.attributes;
     ^
parser.c:2843:5: warning: ISO C90 forbids mixed declarations and code [-Wdeclaration-after-statement]
     TextNodeBufferState* text_state = &parser->_parser_state->_text_node;
     ^
parser.c:2861:5: warning: ISO C90 forbids mixed declarations and code [-Wdeclaration-after-statement]
     GumboNode* input = insert_element_of_tag_type(
     ^
parser.c:2883:5: warning: ISO C90 forbids mixed declarations and code [-Wdeclaration-after-statement]
     GumboAttribute* name =
     ^
parser.c:2930:5: warning: ISO C90 forbids mixed declarations and code [-Wdeclaration-after-statement]
     GumboInsertionMode state = parser->_parser_state->_insertion_mode;
     ^
parser.c:3007:5: warning: ISO C90 forbids mixed declarations and code [-Wdeclaration-after-statement]
     GumboTag end_tag = token->v.end_tag;
     ^
parser.c: In function 'handle_after_body':
parser.c:3667:5: warning: ISO C90 forbids mixed declarations and code [-Wdeclaration-after-statement]
     GumboNode* html = parser->_parser_state->_open_elements.data[0];
     ^
parser.c: In function 'handle_in_foreign_content':
parser.c:3906:5: warning: ISO C90 forbids mixed declarations and code [-Wdeclaration-after-statement]
     GumboNode* node = get_current_node(parser);
     ^
parser.c:3908:5: warning: ISO C90 forbids mixed declarations and code [-Wdeclaration-after-statement]
     GumboStringPiece token_tagname = token->original_text;
     ^
parser.c:3918:5: warning: ISO C90 forbids mixed declarations and code [-Wdeclaration-after-statement]
     int i = parser->_parser_state->_open_elements.length;
     ^
parser.c: In function 'handle_token':
parser.c:3974:3: warning: ISO C90 forbids mixed declarations and code [-Wdeclaration-after-statement]
   const GumboNode* current_node = get_adjusted_current_node(parser);
   ^
parser.c: In function 'gumbo_parse_with_options':
parser.c:4084:3: warning: ISO C90 forbids mixed declarations and code [-Wdeclaration-after-statement]
   GumboParserState* state = parser._parser_state;
   ^
parser.c:4089:3: warning: ISO C90 forbids mixed declarations and code [-Wdeclaration-after-statement]
   int loop_count = 0;
   ^
parser.c:4104:5: warning: ISO C90 forbids mixed declarations and code [-Wdeclaration-after-statement]
     const char* token_type = "text";
     ^
parser.c:4153:3: warning: ISO C90 forbids mixed declarations and code [-Wdeclaration-after-statement]
   GumboDocument* doc_type = &parser._output->document->v.document;
   ^
parser.c: At top level:
cc1: warning: unrecognized command line option "-Wno-self-assign" [enabled by default]
cc1: warning: unrecognized command line option "-Wno-constant-logical-operand" [enabled by default]
cc1: warning: unrecognized command line option "-Wno-parentheses-equality" [enabled by default]
cc1: warning: unrecognized command line option "-Wno-tautological-compare" [enabled by default]
compiling string_buffer.c
compiling string_piece.c
string_piece.c: In function 'gumbo_string_copy':
string_piece.c:45:3: warning: ISO C90 forbids mixed declarations and code [-Wdeclaration-after-statement]
   char* buffer = gumbo_parser_allocate(parser, source->length);
   ^
string_piece.c: At top level:
cc1: warning: unrecognized command line option "-Wno-self-assign" [enabled by default]
cc1: warning: unrecognized command line option "-Wno-constant-logical-operand" [enabled by default]
cc1: warning: unrecognized command line option "-Wno-parentheses-equality" [enabled by default]
cc1: warning: unrecognized command line option "-Wno-tautological-compare" [enabled by default]
compiling tag.c
compiling tokenizer.c
tokenizer.c: In function 'tokenizer_add_parse_error':
tokenizer.c:208:3: warning: ISO C90 forbids mixed declarations and code [-Wdeclaration-after-statement]
   GumboTokenizerState* tokenizer = parser->_tokenizer_state;
   ^
tokenizer.c: In function 'temporary_buffer_equals':
tokenizer.c:381:19: warning: comparison between signed and unsigned integer expressions [-Wsign-compare]
   return text_len == buffer->length &&
                   ^
tokenizer.c: In function 'add_duplicate_attr_error':
tokenizer.c:765:3: warning: ISO C90 forbids mixed declarations and code [-Wdeclaration-after-statement]
   GumboTagState* tag_state = &parser->_tokenizer_state->_tag_state;
   ^
tokenizer.c: In function 'finish_attribute_name':
tokenizer.c:789:3: warning: ISO C90 forbids mixed declarations and code [-Wdeclaration-after-statement]
   GumboVector* /* GumboAttribute* */ attributes = &tag_state->_attributes;
   ^
tokenizer.c:802:3: warning: ISO C90 forbids mixed declarations and code [-Wdeclaration-after-statement]
   GumboAttribute* attr = gumbo_parser_allocate(parser, sizeof(GumboAttribute));
   ^
tokenizer.c: In function 'finish_attribute_value':
tokenizer.c:827:3: warning: ISO C90 forbids mixed declarations and code [-Wdeclaration-after-statement]
   GumboAttribute* attr =
   ^
tokenizer.c: In function 'gumbo_lex':
tokenizer.c:2847:5: warning: ISO C90 forbids mixed declarations and code [-Wdeclaration-after-statement]
     int c = utf8iterator_current(&tokenizer->_input);
     ^
tokenizer.c:2850:5: warning: ISO C90 forbids mixed declarations and code [-Wdeclaration-after-statement]
     StateResult result =
     ^
tokenizer.c: At top level:
cc1: warning: unrecognized command line option "-Wno-self-assign" [enabled by default]
cc1: warning: unrecognized command line option "-Wno-constant-logical-operand" [enabled by default]
cc1: warning: unrecognized command line option "-Wno-parentheses-equality" [enabled by default]
cc1: warning: unrecognized command line option "-Wno-tautological-compare" [enabled by default]
compiling utf8.c
utf8.c:88:1: warning: 'static' is not at beginning of declaration [-Wold-style-declaration]
 uint32_t static inline decode(uint32_t* state, uint32_t* codep, uint32_t byte) {
 ^
utf8.c:88:1: warning: 'inline' is not at beginning of declaration [-Wold-style-declaration]
utf8.c: In function 'add_error':
utf8.c:116:3: warning: ISO C90 forbids mixed declarations and code [-Wdeclaration-after-statement]
   uint64_t code_point = 0;
   ^
utf8.c: In function 'read_char':
utf8.c:135:3: warning: ISO C90 forbids mixed declarations and code [-Wdeclaration-after-statement]
   uint32_t code_point = 0;
   ^
utf8.c:148:9: warning: ISO C90 forbids mixed declarations and code [-Wdeclaration-after-statement]
         const char* next = c + 1;
         ^
utf8.c: At top level:
cc1: warning: unrecognized command line option "-Wno-self-assign" [enabled by default]
cc1: warning: unrecognized command line option "-Wno-constant-logical-operand" [enabled by default]
cc1: warning: unrecognized command line option "-Wno-parentheses-equality" [enabled by default]
cc1: warning: unrecognized command line option "-Wno-tautological-compare" [enabled by default]
compiling util.c
compiling vector.c
vector.c: In function 'enlarge_vector_if_full':
vector.c:55:7: warning: ISO C90 forbids mixed declarations and code [-Wdeclaration-after-statement]
       size_t num_bytes = sizeof(void*) * vector->capacity;
       ^
vector.c: In function 'gumbo_vector_insert_at':
vector.c:96:3: warning: comparison of unsigned expression >= 0 is always true [-Wtype-limits]
   assert(index >= 0);
   ^
vector.c: In function 'gumbo_vector_remove_at':
vector.c:116:3: warning: comparison of unsigned expression >= 0 is always true [-Wtype-limits]
   assert(index >= 0);
   ^
vector.c:118:3: warning: ISO C90 forbids mixed declarations and code [-Wdeclaration-after-statement]
   void* result = vector->data[index];
   ^
vector.c: At top level:
cc1: warning: unrecognized command line option "-Wno-self-assign" [enabled by default]
cc1: warning: unrecognized command line option "-Wno-constant-logical-operand" [enabled by default]
cc1: warning: unrecognized command line option "-Wno-parentheses-equality" [enabled by default]
cc1: warning: unrecognized command line option "-Wno-tautological-compare" [enabled by default]
linking shared-object nokogumboc.so

current directory: /home/mastodon/live/vender/bundle/ruby/2.5.0/gems/nokogumbo-1.5.0/ext/nokogumboc
make "DESTDIR=" install
/usr/bin/install -c -m 0755 nokogumboc.so ./.gem.20180408-28175-1c67q1t
